<?xml version="1.0" encoding="utf-8"?><testsuites name="pytest tests"><testsuite name="pytest" errors="0" failures="0" skipped="0" tests="5" time="1.436" timestamp="2026-06-07T12:15:04.333575+00:00" hostname="agent-env-69aca421-6847-4f1e-ab6a-d89dd76ef6db"><testcase classname="backend.tests.test_assets_api" name="test_root_health" time="0.119" /><testcase classname="backend.tests.test_assets_api" name="test_asset_keys" time="0.046" /><testcase classname="backend.tests.test_assets_api" name="test_get_assets_ready" time="0.436" /><testcase classname="backend.tests.test_assets_api" name="test_generate_cached" time="0.390" /><testcase classname="backend.tests.test_assets_api" name="test_generate_default_body" time="0.377" /></testsuite></testsuites>